[2020-04-10 06:06:18] production.ERROR: syntax error, unexpected '=', expecting ']' {"exception":"[object] (Symfony\\Component\\Debug\\Exception\\FatalThrowableError(code: 0): syntax error, unexpected '=', expecting ']' at /home/sarmad/Work/FreelanceWork/PhpProjects/AudioBot/html/config/services.php:49)
[stacktrace]
#0 /home/sarmad/Work/FreelanceWork/PhpProjects/AudioBot/html/vendor/laravel/framework/src/Illuminate/Foundation/Bootstrap/LoadConfiguration.php(39): Illuminate\\Foundation\\Bootstrap\\LoadConfiguration->loadConfigurationFiles(Object(Illuminate\\Foundation\\Application), Object(Illuminate\\Config\\Repository))
#1 /home/sarmad/Work/FreelanceWork/PhpProjects/AudioBot/html/vendor/laravel/framework/src/Illuminate/Foundation/Application.php(210): Illuminate\\Foundation\\Bootstrap\\LoadConfiguration->bootstrap(Object(Illuminate\\Foundation\\Application))
#2 /home/sarmad/Work/FreelanceWork/PhpProjects/AudioBot/html/vendor/laravel/framework/src/Illuminate/Foundation/Http/Kernel.php(162): Illuminate\\Foundation\\Application->bootstrapWith(Array)
#3 /home/sarmad/Work/FreelanceWork/PhpProjects/AudioBot/html/vendor/laravel/framework/src/Illuminate/Foundation/Http/Kernel.php(146): Illuminate\\Foundation\\Http\\Kernel->bootstrap()
#4 /home/sarmad/Work/FreelanceWork/PhpProjects/AudioBot/html/vendor/laravel/framework/src/Illuminate/Foundation/Http/Kernel.php(116): Illuminate\\Foundation\\Http\\Kernel->sendRequestThroughRouter(Object(Illuminate\\Http\\Request))
#5 /home/sarmad/Work/FreelanceWork/PhpProjects/AudioBot/html/public/index.php(56): Illuminate\\Foundation\\Http\\Kernel->handle(Object(Illuminate\\Http\\Request))
#6 {main}
"} 
[2020-04-10 06:06:32] production.ERROR: syntax error, unexpected '=', expecting ']' {"exception":"[object] (Symfony\\Component\\Debug\\Exception\\FatalThrowableError(code: 0): syntax error, unexpected '=', expecting ']' at /home/sarmad/Work/FreelanceWork/PhpProjects/AudioBot/html/config/services.php:49)
[stacktrace]
#0 /home/sarmad/Work/FreelanceWork/PhpProjects/AudioBot/html/vendor/laravel/framework/src/Illuminate/Foundation/Bootstrap/LoadConfiguration.php(39): Illuminate\\Foundation\\Bootstrap\\LoadConfiguration->loadConfigurationFiles(Object(Illuminate\\Foundation\\Application), Object(Illuminate\\Config\\Repository))
#1 /home/sarmad/Work/FreelanceWork/PhpProjects/AudioBot/html/vendor/laravel/framework/src/Illuminate/Foundation/Application.php(210): Illuminate\\Foundation\\Bootstrap\\LoadConfiguration->bootstrap(Object(Illuminate\\Foundation\\Application))
#2 /home/sarmad/Work/FreelanceWork/PhpProjects/AudioBot/html/vendor/laravel/framework/src/Illuminate/Foundation/Http/Kernel.php(162): Illuminate\\Foundation\\Application->bootstrapWith(Array)
#3 /home/sarmad/Work/FreelanceWork/PhpProjects/AudioBot/html/vendor/laravel/framework/src/Illuminate/Foundation/Http/Kernel.php(146): Illuminate\\Foundation\\Http\\Kernel->bootstrap()
#4 /home/sarmad/Work/FreelanceWork/PhpProjects/AudioBot/html/vendor/laravel/framework/src/Illuminate/Foundation/Http/Kernel.php(116): Illuminate\\Foundation\\Http\\Kernel->sendRequestThroughRouter(Object(Illuminate\\Http\\Request))
#5 /home/sarmad/Work/FreelanceWork/PhpProjects/AudioBot/html/public/index.php(56): Illuminate\\Foundation\\Http\\Kernel->handle(Object(Illuminate\\Http\\Request))
#6 {main}
"} 
