[2020-03-11 16:22:49] local.ERROR: Trying to get property 'isAdmin' of non-object (View: /home/sarmad/Work/FreelanceWork/PhpProjects/AudioBot/html/resources/views/common/sidebar.blade.php) (View: /home/sarmad/Work/FreelanceWork/PhpProjects/AudioBot/html/resources/views/common/sidebar.blade.php) (View: /home/sarmad/Work/FreelanceWork/PhpProjects/AudioBot/html/resources/views/common/sidebar.blade.php) {"exception":"[object] (ErrorException(code: 0): Trying to get property 'isAdmin' of non-object (View: /home/sarmad/Work/FreelanceWork/PhpProjects/AudioBot/html/resources/views/common/sidebar.blade.php) (View: /home/sarmad/Work/FreelanceWork/PhpProjects/AudioBot/html/resources/views/common/sidebar.blade.php) (View: /home/sarmad/Work/FreelanceWork/PhpProjects/AudioBot/html/resources/views/common/sidebar.blade.php) at /home/sarmad/Work/FreelanceWork/PhpProjects/AudioBot/html/storage/framework/views/3a9a349a0ef2b408ecdc75359a2779a587c83c22.php:12, ErrorException(code: 0): Trying to get property 'isAdmin' of non-object (View: /home/sarmad/Work/FreelanceWork/PhpProjects/AudioBot/html/resources/views/common/sidebar.blade.php) (View: /home/sarmad/Work/FreelanceWork/PhpProjects/AudioBot/html/resources/views/common/sidebar.blade.php) at /home/sarmad/Work/FreelanceWork/PhpProjects/AudioBot/html/storage/framework/views/3a9a349a0ef2b408ecdc75359a2779a587c83c22.php:12, ErrorException(code: 0): Trying to get property 'isAdmin' of non-object (View: /home/sarmad/Work/FreelanceWork/PhpProjects/AudioBot/html/resources/views/common/sidebar.blade.php) at /home/sarmad/Work/FreelanceWork/PhpProjects/AudioBot/html/storage/framework/views/3a9a349a0ef2b408ecdc75359a2779a587c83c22.php:12, ErrorException(code: 0): Trying to get property 'isAdmin' of non-object at /home/sarmad/Work/FreelanceWork/PhpProjects/AudioBot/html/storage/framework/views/3a9a349a0ef2b408ecdc75359a2779a587c83c22.php:12)
[stacktrace]
#0 /home/sarmad/Work/FreelanceWork/PhpProjects/AudioBot/html/vendor/laravel/framework/src/Illuminate/View/Engines/PhpEngine.php(45): Illuminate\\View\\Engines\\CompilerEngine->handleViewException(Object(ErrorException), 1)
#1 /home/sarmad/Work/FreelanceWork/PhpProjects/AudioBot/html/vendor/laravel/framework/src/Illuminate/View/Engines/CompilerEngine.php(59): Illuminate\\View\\Engines\\PhpEngine->evaluatePath('/home/sarmad/Wo...', Array)
#2 /home/sarmad/Work/FreelanceWork/PhpProjects/AudioBot/html/vendor/laravel/framework/src/Illuminate/View/View.php(142): Illuminate\\View\\Engines\\CompilerEngine->get('/home/sarmad/Wo...', Array)
#3 /home/sarmad/Work/FreelanceWork/PhpProjects/AudioBot/html/vendor/laravel/framework/src/Illuminate/View/View.php(125): Illuminate\\View\\View->getContents()
#4 /home/sarmad/Work/FreelanceWork/PhpProjects/AudioBot/html/vendor/laravel/framework/src/Illuminate/View/View.php(90): Illuminate\\View\\View->renderContents()
#5 /home/sarmad/Work/FreelanceWork/PhpProjects/AudioBot/html/vendor/laravel/framework/src/Illuminate/Http/Response.php(42): Illuminate\\View\\View->render()
#6 /home/sarmad/Work/FreelanceWork/PhpProjects/AudioBot/html/vendor/symfony/http-foundation/Response.php(202): Illuminate\\Http\\Response->setContent(Object(Illuminate\\View\\View))
#7 /home/sarmad/Work/FreelanceWork/PhpProjects/AudioBot/html/vendor/laravel/framework/src/Illuminate/Routing/Router.php(748): Symfony\\Component\\HttpFoundation\\Response->__construct(Object(Illuminate\\View\\View))
#8 /home/sarmad/Work/FreelanceWork/PhpProjects/AudioBot/html/vendor/laravel/framework/src/Illuminate/Routing/Router.php(720): Illuminate\\Routing\\Router::toResponse(Object(Illuminate\\Http\\Request), Object(Illuminate\\View\\View))
#9 /home/sarmad/Work/FreelanceWork/PhpProjects/AudioBot/html/vendor/laravel/framework/src/Illuminate/Routing/Router.php(680): Illuminate\\Routing\\Router->prepareResponse(Object(Illuminate\\Http\\Request), Object(Illuminate\\View\\View))
#10 /home/sarmad/Work/FreelanceWork/PhpProjects/AudioBot/html/vendor/laravel/framework/src/Illuminate/Routing/Pipeline.php(30): Illuminate\\Routing\\Router->Illuminate\\Routing\\{closure}(Object(Illuminate\\Http\\Request))
#11 /home/sarmad/Work/FreelanceWork/PhpProjects/AudioBot/html/vendor/laravel/framework/src/Illuminate/Routing/Middleware/SubstituteBindings.php(41): Illuminate\\Routing\\Pipeline->Illuminate\\Routing\\{closure}(Object(Illuminate\\Http\\Request))
#12 /home/sarmad/Work/FreelanceWork/PhpProjects/AudioBot/html/vendor/laravel/framework/src/Illuminate/Pipeline/Pipeline.php(163): Illuminate\\Routing\\Middleware\\SubstituteBindings->handle(Object(Illuminate\\Http\\Request), Object(Closure))
#13 /home/sarmad/Work/FreelanceWork/PhpProjects/AudioBot/html/vendor/laravel/framework/src/Illuminate/Routing/Pipeline.php(53): Illuminate\\Pipeline\\Pipeline->Illuminate\\Pipeline\\{closure}(Object(Illuminate\\Http\\Request))
#14 /home/sarmad/Work/FreelanceWork/PhpProjects/AudioBot/html/vendor/laravel/framework/src/Illuminate/Foundation/Http/Middleware/VerifyCsrfToken.php(75): Illuminate\\Routing\\Pipeline->Illuminate\\Routing\\{closure}(Object(Illuminate\\Http\\Request))
#15 /home/sarmad/Work/FreelanceWork/PhpProjects/AudioBot/html/vendor/laravel/framework/src/Illuminate/Pipeline/Pipeline.php(163): Illuminate\\Foundation\\Http\\Middleware\\VerifyCsrfToken->handle(Object(Illuminate\\Http\\Request), Object(Closure))
#16 /home/sarmad/Work/FreelanceWork/PhpProjects/AudioBot/html/vendor/laravel/framework/src/Illuminate/Routing/Pipeline.php(53): Illuminate\\Pipeline\\Pipeline->Illuminate\\Pipeline\\{closure}(Object(Illuminate\\Http\\Request))
#17 /home/sarmad/Work/FreelanceWork/PhpProjects/AudioBot/html/vendor/laravel/framework/src/Illuminate/View/Middleware/ShareErrorsFromSession.php(49): Illuminate\\Routing\\Pipeline->Illuminate\\Routing\\{closure}(Object(Illuminate\\Http\\Request))
#18 /home/sarmad/Work/FreelanceWork/PhpProjects/AudioBot/html/vendor/laravel/framework/src/Illuminate/Pipeline/Pipeline.php(163): Illuminate\\View\\Middleware\\ShareErrorsFromSession->handle(Object(Illuminate\\Http\\Request), Object(Closure))
#19 /home/sarmad/Work/FreelanceWork/PhpProjects/AudioBot/html/vendor/laravel/framework/src/Illuminate/Routing/Pipeline.php(53): Illuminate\\Pipeline\\Pipeline->Illuminate\\Pipeline\\{closure}(Object(Illuminate\\Http\\Request))
#20 /home/sarmad/Work/FreelanceWork/PhpProjects/AudioBot/html/vendor/laravel/framework/src/Illuminate/Session/Middleware/StartSession.php(56): Illuminate\\Routing\\Pipeline->Illuminate\\Routing\\{closure}(Object(Illuminate\\Http\\Request))
#21 /home/sarmad/Work/FreelanceWork/PhpProjects/AudioBot/html/vendor/laravel/framework/src/Illuminate/Pipeline/Pipeline.php(163): Illuminate\\Session\\Middleware\\StartSession->handle(Object(Illuminate\\Http\\Request), Object(Closure))
#22 /home/sarmad/Work/FreelanceWork/PhpProjects/AudioBot/html/vendor/laravel/framework/src/Illuminate/Routing/Pipeline.php(53): Illuminate\\Pipeline\\Pipeline->Illuminate\\Pipeline\\{closure}(Object(Illuminate\\Http\\Request))
#23 /home/sarmad/Work/FreelanceWork/PhpProjects/AudioBot/html/vendor/laravel/framework/src/Illuminate/Cookie/Middleware/AddQueuedCookiesToResponse.php(37): Illuminate\\Routing\\Pipeline->Illuminate\\Routing\\{closure}(Object(Illuminate\\Http\\Request))
#24 /home/sarmad/Work/FreelanceWork/PhpProjects/AudioBot/html/vendor/laravel/framework/src/Illuminate/Pipeline/Pipeline.php(163): Illuminate\\Cookie\\Middleware\\AddQueuedCookiesToResponse->handle(Object(Illuminate\\Http\\Request), Object(Closure))
#25 /home/sarmad/Work/FreelanceWork/PhpProjects/AudioBot/html/vendor/laravel/framework/src/Illuminate/Routing/Pipeline.php(53): Illuminate\\Pipeline\\Pipeline->Illuminate\\Pipeline\\{closure}(Object(Illuminate\\Http\\Request))
#26 /home/sarmad/Work/FreelanceWork/PhpProjects/AudioBot/html/vendor/laravel/framework/src/Illuminate/Cookie/Middleware/EncryptCookies.php(66): Illuminate\\Routing\\Pipeline->Illuminate\\Routing\\{closure}(Object(Illuminate\\Http\\Request))
#27 /home/sarmad/Work/FreelanceWork/PhpProjects/AudioBot/html/vendor/laravel/framework/src/Illuminate/Pipeline/Pipeline.php(163): Illuminate\\Cookie\\Middleware\\EncryptCookies->handle(Object(Illuminate\\Http\\Request), Object(Closure))
#28 /home/sarmad/Work/FreelanceWork/PhpProjects/AudioBot/html/vendor/laravel/framework/src/Illuminate/Routing/Pipeline.php(53): Illuminate\\Pipeline\\Pipeline->Illuminate\\Pipeline\\{closure}(Object(Illuminate\\Http\\Request))
#29 /home/sarmad/Work/FreelanceWork/PhpProjects/AudioBot/html/vendor/laravel/framework/src/Illuminate/Pipeline/Pipeline.php(104): Illuminate\\Routing\\Pipeline->Illuminate\\Routing\\{closure}(Object(Illuminate\\Http\\Request))
#30 /home/sarmad/Work/FreelanceWork/PhpProjects/AudioBot/html/vendor/laravel/framework/src/Illuminate/Routing/Router.php(682): Illuminate\\Pipeline\\Pipeline->then(Object(Closure))
#31 /home/sarmad/Work/FreelanceWork/PhpProjects/AudioBot/html/vendor/laravel/framework/src/Illuminate/Routing/Router.php(657): Illuminate\\Routing\\Router->runRouteWithinStack(Object(Illuminate\\Routing\\Route), Object(Illuminate\\Http\\Request))
#32 /home/sarmad/Work/FreelanceWork/PhpProjects/AudioBot/html/vendor/laravel/framework/src/Illuminate/Routing/Router.php(623): Illuminate\\Routing\\Router->runRoute(Object(Illuminate\\Http\\Request), Object(Illuminate\\Routing\\Route))
#33 /home/sarmad/Work/FreelanceWork/PhpProjects/AudioBot/html/vendor/laravel/framework/src/Illuminate/Routing/Router.php(612): Illuminate\\Routing\\Router->dispatchToRoute(Object(Illuminate\\Http\\Request))
#34 /home/sarmad/Work/FreelanceWork/PhpProjects/AudioBot/html/vendor/laravel/framework/src/Illuminate/Foundation/Http/Kernel.php(176): Illuminate\\Routing\\Router->dispatch(Object(Illuminate\\Http\\Request))
#35 /home/sarmad/Work/FreelanceWork/PhpProjects/AudioBot/html/vendor/laravel/framework/src/Illuminate/Routing/Pipeline.php(30): Illuminate\\Foundation\\Http\\Kernel->Illuminate\\Foundation\\Http\\{closure}(Object(Illuminate\\Http\\Request))
#36 /home/sarmad/Work/FreelanceWork/PhpProjects/AudioBot/html/vendor/barryvdh/laravel-debugbar/src/Middleware/InjectDebugbar.php(65): Illuminate\\Routing\\Pipeline->Illuminate\\Routing\\{closure}(Object(Illuminate\\Http\\Request))
#37 /home/sarmad/Work/FreelanceWork/PhpProjects/AudioBot/html/vendor/laravel/framework/src/Illuminate/Pipeline/Pipeline.php(163): Barryvdh\\Debugbar\\Middleware\\InjectDebugbar->handle(Object(Illuminate\\Http\\Request), Object(Closure))
#38 /home/sarmad/Work/FreelanceWork/PhpProjects/AudioBot/html/vendor/laravel/framework/src/Illuminate/Routing/Pipeline.php(53): Illuminate\\Pipeline\\Pipeline->Illuminate\\Pipeline\\{closure}(Object(Illuminate\\Http\\Request))
#39 /home/sarmad/Work/FreelanceWork/PhpProjects/AudioBot/html/vendor/fideloper/proxy/src/TrustProxies.php(57): Illuminate\\Routing\\Pipeline->Illuminate\\Routing\\{closure}(Object(Illuminate\\Http\\Request))
#40 /home/sarmad/Work/FreelanceWork/PhpProjects/AudioBot/html/vendor/laravel/framework/src/Illuminate/Pipeline/Pipeline.php(163): Fideloper\\Proxy\\TrustProxies->handle(Object(Illuminate\\Http\\Request), Object(Closure))
#41 /home/sarmad/Work/FreelanceWork/PhpProjects/AudioBot/html/vendor/laravel/framework/src/Illuminate/Routing/Pipeline.php(53): Illuminate\\Pipeline\\Pipeline->Illuminate\\Pipeline\\{closure}(Object(Illuminate\\Http\\Request))
#42 /home/sarmad/Work/FreelanceWork/PhpProjects/AudioBot/html/vendor/laravel/framework/src/Illuminate/Foundation/Http/Middleware/TransformsRequest.php(21): Illuminate\\Routing\\Pipeline->Illuminate\\Routing\\{closure}(Object(Illuminate\\Http\\Request))
#43 /home/sarmad/Work/FreelanceWork/PhpProjects/AudioBot/html/vendor/laravel/framework/src/Illuminate/Pipeline/Pipeline.php(163): Illuminate\\Foundation\\Http\\Middleware\\TransformsRequest->handle(Object(Illuminate\\Http\\Request), Object(Closure))
#44 /home/sarmad/Work/FreelanceWork/PhpProjects/AudioBot/html/vendor/laravel/framework/src/Illuminate/Routing/Pipeline.php(53): Illuminate\\Pipeline\\Pipeline->Illuminate\\Pipeline\\{closure}(Object(Illuminate\\Http\\Request))
#45 /home/sarmad/Work/FreelanceWork/PhpProjects/AudioBot/html/vendor/laravel/framework/src/Illuminate/Foundation/Http/Middleware/TransformsRequest.php(21): Illuminate\\Routing\\Pipeline->Illuminate\\Routing\\{closure}(Object(Illuminate\\Http\\Request))
#46 /home/sarmad/Work/FreelanceWork/PhpProjects/AudioBot/html/vendor/laravel/framework/src/Illuminate/Pipeline/Pipeline.php(163): Illuminate\\Foundation\\Http\\Middleware\\TransformsRequest->handle(Object(Illuminate\\Http\\Request), Object(Closure))
#47 /home/sarmad/Work/FreelanceWork/PhpProjects/AudioBot/html/vendor/laravel/framework/src/Illuminate/Routing/Pipeline.php(53): Illuminate\\Pipeline\\Pipeline->Illuminate\\Pipeline\\{closure}(Object(Illuminate\\Http\\Request))
#48 /home/sarmad/Work/FreelanceWork/PhpProjects/AudioBot/html/vendor/laravel/framework/src/Illuminate/Foundation/Http/Middleware/ValidatePostSize.php(27): Illuminate\\Routing\\Pipeline->Illuminate\\Routing\\{closure}(Object(Illuminate\\Http\\Request))
#49 /home/sarmad/Work/FreelanceWork/PhpProjects/AudioBot/html/vendor/laravel/framework/src/Illuminate/Pipeline/Pipeline.php(163): Illuminate\\Foundation\\Http\\Middleware\\ValidatePostSize->handle(Object(Illuminate\\Http\\Request), Object(Closure))
#50 /home/sarmad/Work/FreelanceWork/PhpProjects/AudioBot/html/vendor/laravel/framework/src/Illuminate/Routing/Pipeline.php(53): Illuminate\\Pipeline\\Pipeline->Illuminate\\Pipeline\\{closure}(Object(Illuminate\\Http\\Request))
#51 /home/sarmad/Work/FreelanceWork/PhpProjects/AudioBot/html/vendor/laravel/framework/src/Illuminate/Foundation/Http/Middleware/CheckForMaintenanceMode.php(62): Illuminate\\Routing\\Pipeline->Illuminate\\Routing\\{closure}(Object(Illuminate\\Http\\Request))
#52 /home/sarmad/Work/FreelanceWork/PhpProjects/AudioBot/html/vendor/laravel/framework/src/Illuminate/Pipeline/Pipeline.php(163): Illuminate\\Foundation\\Http\\Middleware\\CheckForMaintenanceMode->handle(Object(Illuminate\\Http\\Request), Object(Closure))
#53 /home/sarmad/Work/FreelanceWork/PhpProjects/AudioBot/html/vendor/laravel/framework/src/Illuminate/Routing/Pipeline.php(53): Illuminate\\Pipeline\\Pipeline->Illuminate\\Pipeline\\{closure}(Object(Illuminate\\Http\\Request))
#54 /home/sarmad/Work/FreelanceWork/PhpProjects/AudioBot/html/vendor/laravel/framework/src/Illuminate/Pipeline/Pipeline.php(104): Illuminate\\Routing\\Pipeline->Illuminate\\Routing\\{closure}(Object(Illuminate\\Http\\Request))
#55 /home/sarmad/Work/FreelanceWork/PhpProjects/AudioBot/html/vendor/laravel/framework/src/Illuminate/Foundation/Http/Kernel.php(151): Illuminate\\Pipeline\\Pipeline->then(Object(Closure))
#56 /home/sarmad/Work/FreelanceWork/PhpProjects/AudioBot/html/vendor/laravel/framework/src/Illuminate/Foundation/Http/Kernel.php(116): Illuminate\\Foundation\\Http\\Kernel->sendRequestThroughRouter(Object(Illuminate\\Http\\Request))
#57 /home/sarmad/Work/FreelanceWork/PhpProjects/AudioBot/html/public/index.php(56): Illuminate\\Foundation\\Http\\Kernel->handle(Object(Illuminate\\Http\\Request))
#58 {main}
"} 
[2020-03-11 16:23:59] local.ERROR: Trying to get property 'name' of non-object (View: /home/sarmad/Work/FreelanceWork/PhpProjects/AudioBot/html/resources/views/common/topbar.blade.php) (View: /home/sarmad/Work/FreelanceWork/PhpProjects/AudioBot/html/resources/views/common/topbar.blade.php) (View: /home/sarmad/Work/FreelanceWork/PhpProjects/AudioBot/html/resources/views/common/topbar.blade.php) {"exception":"[object] (ErrorException(code: 0): Trying to get property 'name' of non-object (View: /home/sarmad/Work/FreelanceWork/PhpProjects/AudioBot/html/resources/views/common/topbar.blade.php) (View: /home/sarmad/Work/FreelanceWork/PhpProjects/AudioBot/html/resources/views/common/topbar.blade.php) (View: /home/sarmad/Work/FreelanceWork/PhpProjects/AudioBot/html/resources/views/common/topbar.blade.php) at /home/sarmad/Work/FreelanceWork/PhpProjects/AudioBot/html/storage/framework/views/70b214b209691871c65c5444e70f8765a7e0651e.php:12, ErrorException(code: 0): Trying to get property 'name' of non-object (View: /home/sarmad/Work/FreelanceWork/PhpProjects/AudioBot/html/resources/views/common/topbar.blade.php) (View: /home/sarmad/Work/FreelanceWork/PhpProjects/AudioBot/html/resources/views/common/topbar.blade.php) at /home/sarmad/Work/FreelanceWork/PhpProjects/AudioBot/html/storage/framework/views/70b214b209691871c65c5444e70f8765a7e0651e.php:12, ErrorException(code: 0): Trying to get property 'name' of non-object (View: /home/sarmad/Work/FreelanceWork/PhpProjects/AudioBot/html/resources/views/common/topbar.blade.php) at /home/sarmad/Work/FreelanceWork/PhpProjects/AudioBot/html/storage/framework/views/70b214b209691871c65c5444e70f8765a7e0651e.php:12, ErrorException(code: 0): Trying to get property 'name' of non-object at /home/sarmad/Work/FreelanceWork/PhpProjects/AudioBot/html/storage/framework/views/70b214b209691871c65c5444e70f8765a7e0651e.php:12)
[stacktrace]
#0 /home/sarmad/Work/FreelanceWork/PhpProjects/AudioBot/html/vendor/laravel/framework/src/Illuminate/View/Engines/PhpEngine.php(45): Illuminate\\View\\Engines\\CompilerEngine->handleViewException(Object(ErrorException), 1)
#1 /home/sarmad/Work/FreelanceWork/PhpProjects/AudioBot/html/vendor/laravel/framework/src/Illuminate/View/Engines/CompilerEngine.php(59): Illuminate\\View\\Engines\\PhpEngine->evaluatePath('/home/sarmad/Wo...', Array)
#2 /home/sarmad/Work/FreelanceWork/PhpProjects/AudioBot/html/vendor/laravel/framework/src/Illuminate/View/View.php(142): Illuminate\\View\\Engines\\CompilerEngine->get('/home/sarmad/Wo...', Array)
#3 /home/sarmad/Work/FreelanceWork/PhpProjects/AudioBot/html/vendor/laravel/framework/src/Illuminate/View/View.php(125): Illuminate\\View\\View->getContents()
#4 /home/sarmad/Work/FreelanceWork/PhpProjects/AudioBot/html/vendor/laravel/framework/src/Illuminate/View/View.php(90): Illuminate\\View\\View->renderContents()
#5 /home/sarmad/Work/FreelanceWork/PhpProjects/AudioBot/html/vendor/laravel/framework/src/Illuminate/Http/Response.php(42): Illuminate\\View\\View->render()
#6 /home/sarmad/Work/FreelanceWork/PhpProjects/AudioBot/html/vendor/symfony/http-foundation/Response.php(202): Illuminate\\Http\\Response->setContent(Object(Illuminate\\View\\View))
#7 /home/sarmad/Work/FreelanceWork/PhpProjects/AudioBot/html/vendor/laravel/framework/src/Illuminate/Routing/Router.php(748): Symfony\\Component\\HttpFoundation\\Response->__construct(Object(Illuminate\\View\\View))
#8 /home/sarmad/Work/FreelanceWork/PhpProjects/AudioBot/html/vendor/laravel/framework/src/Illuminate/Routing/Router.php(720): Illuminate\\Routing\\Router::toResponse(Object(Illuminate\\Http\\Request), Object(Illuminate\\View\\View))
#9 /home/sarmad/Work/FreelanceWork/PhpProjects/AudioBot/html/vendor/laravel/framework/src/Illuminate/Routing/Router.php(680): Illuminate\\Routing\\Router->prepareResponse(Object(Illuminate\\Http\\Request), Object(Illuminate\\View\\View))
#10 /home/sarmad/Work/FreelanceWork/PhpProjects/AudioBot/html/vendor/laravel/framework/src/Illuminate/Routing/Pipeline.php(30): Illuminate\\Routing\\Router->Illuminate\\Routing\\{closure}(Object(Illuminate\\Http\\Request))
#11 /home/sarmad/Work/FreelanceWork/PhpProjects/AudioBot/html/vendor/laravel/framework/src/Illuminate/Routing/Middleware/SubstituteBindings.php(41): Illuminate\\Routing\\Pipeline->Illuminate\\Routing\\{closure}(Object(Illuminate\\Http\\Request))
#12 /home/sarmad/Work/FreelanceWork/PhpProjects/AudioBot/html/vendor/laravel/framework/src/Illuminate/Pipeline/Pipeline.php(163): Illuminate\\Routing\\Middleware\\SubstituteBindings->handle(Object(Illuminate\\Http\\Request), Object(Closure))
#13 /home/sarmad/Work/FreelanceWork/PhpProjects/AudioBot/html/vendor/laravel/framework/src/Illuminate/Routing/Pipeline.php(53): Illuminate\\Pipeline\\Pipeline->Illuminate\\Pipeline\\{closure}(Object(Illuminate\\Http\\Request))
#14 /home/sarmad/Work/FreelanceWork/PhpProjects/AudioBot/html/vendor/laravel/framework/src/Illuminate/Foundation/Http/Middleware/VerifyCsrfToken.php(75): Illuminate\\Routing\\Pipeline->Illuminate\\Routing\\{closure}(Object(Illuminate\\Http\\Request))
#15 /home/sarmad/Work/FreelanceWork/PhpProjects/AudioBot/html/vendor/laravel/framework/src/Illuminate/Pipeline/Pipeline.php(163): Illuminate\\Foundation\\Http\\Middleware\\VerifyCsrfToken->handle(Object(Illuminate\\Http\\Request), Object(Closure))
#16 /home/sarmad/Work/FreelanceWork/PhpProjects/AudioBot/html/vendor/laravel/framework/src/Illuminate/Routing/Pipeline.php(53): Illuminate\\Pipeline\\Pipeline->Illuminate\\Pipeline\\{closure}(Object(Illuminate\\Http\\Request))
#17 /home/sarmad/Work/FreelanceWork/PhpProjects/AudioBot/html/vendor/laravel/framework/src/Illuminate/View/Middleware/ShareErrorsFromSession.php(49): Illuminate\\Routing\\Pipeline->Illuminate\\Routing\\{closure}(Object(Illuminate\\Http\\Request))
#18 /home/sarmad/Work/FreelanceWork/PhpProjects/AudioBot/html/vendor/laravel/framework/src/Illuminate/Pipeline/Pipeline.php(163): Illuminate\\View\\Middleware\\ShareErrorsFromSession->handle(Object(Illuminate\\Http\\Request), Object(Closure))
#19 /home/sarmad/Work/FreelanceWork/PhpProjects/AudioBot/html/vendor/laravel/framework/src/Illuminate/Routing/Pipeline.php(53): Illuminate\\Pipeline\\Pipeline->Illuminate\\Pipeline\\{closure}(Object(Illuminate\\Http\\Request))
#20 /home/sarmad/Work/FreelanceWork/PhpProjects/AudioBot/html/vendor/laravel/framework/src/Illuminate/Session/Middleware/StartSession.php(56): Illuminate\\Routing\\Pipeline->Illuminate\\Routing\\{closure}(Object(Illuminate\\Http\\Request))
#21 /home/sarmad/Work/FreelanceWork/PhpProjects/AudioBot/html/vendor/laravel/framework/src/Illuminate/Pipeline/Pipeline.php(163): Illuminate\\Session\\Middleware\\StartSession->handle(Object(Illuminate\\Http\\Request), Object(Closure))
#22 /home/sarmad/Work/FreelanceWork/PhpProjects/AudioBot/html/vendor/laravel/framework/src/Illuminate/Routing/Pipeline.php(53): Illuminate\\Pipeline\\Pipeline->Illuminate\\Pipeline\\{closure}(Object(Illuminate\\Http\\Request))
#23 /home/sarmad/Work/FreelanceWork/PhpProjects/AudioBot/html/vendor/laravel/framework/src/Illuminate/Cookie/Middleware/AddQueuedCookiesToResponse.php(37): Illuminate\\Routing\\Pipeline->Illuminate\\Routing\\{closure}(Object(Illuminate\\Http\\Request))
#24 /home/sarmad/Work/FreelanceWork/PhpProjects/AudioBot/html/vendor/laravel/framework/src/Illuminate/Pipeline/Pipeline.php(163): Illuminate\\Cookie\\Middleware\\AddQueuedCookiesToResponse->handle(Object(Illuminate\\Http\\Request), Object(Closure))
#25 /home/sarmad/Work/FreelanceWork/PhpProjects/AudioBot/html/vendor/laravel/framework/src/Illuminate/Routing/Pipeline.php(53): Illuminate\\Pipeline\\Pipeline->Illuminate\\Pipeline\\{closure}(Object(Illuminate\\Http\\Request))
#26 /home/sarmad/Work/FreelanceWork/PhpProjects/AudioBot/html/vendor/laravel/framework/src/Illuminate/Cookie/Middleware/EncryptCookies.php(66): Illuminate\\Routing\\Pipeline->Illuminate\\Routing\\{closure}(Object(Illuminate\\Http\\Request))
#27 /home/sarmad/Work/FreelanceWork/PhpProjects/AudioBot/html/vendor/laravel/framework/src/Illuminate/Pipeline/Pipeline.php(163): Illuminate\\Cookie\\Middleware\\EncryptCookies->handle(Object(Illuminate\\Http\\Request), Object(Closure))
#28 /home/sarmad/Work/FreelanceWork/PhpProjects/AudioBot/html/vendor/laravel/framework/src/Illuminate/Routing/Pipeline.php(53): Illuminate\\Pipeline\\Pipeline->Illuminate\\Pipeline\\{closure}(Object(Illuminate\\Http\\Request))
#29 /home/sarmad/Work/FreelanceWork/PhpProjects/AudioBot/html/vendor/laravel/framework/src/Illuminate/Pipeline/Pipeline.php(104): Illuminate\\Routing\\Pipeline->Illuminate\\Routing\\{closure}(Object(Illuminate\\Http\\Request))
#30 /home/sarmad/Work/FreelanceWork/PhpProjects/AudioBot/html/vendor/laravel/framework/src/Illuminate/Routing/Router.php(682): Illuminate\\Pipeline\\Pipeline->then(Object(Closure))
#31 /home/sarmad/Work/FreelanceWork/PhpProjects/AudioBot/html/vendor/laravel/framework/src/Illuminate/Routing/Router.php(657): Illuminate\\Routing\\Router->runRouteWithinStack(Object(Illuminate\\Routing\\Route), Object(Illuminate\\Http\\Request))
#32 /home/sarmad/Work/FreelanceWork/PhpProjects/AudioBot/html/vendor/laravel/framework/src/Illuminate/Routing/Router.php(623): Illuminate\\Routing\\Router->runRoute(Object(Illuminate\\Http\\Request), Object(Illuminate\\Routing\\Route))
#33 /home/sarmad/Work/FreelanceWork/PhpProjects/AudioBot/html/vendor/laravel/framework/src/Illuminate/Routing/Router.php(612): Illuminate\\Routing\\Router->dispatchToRoute(Object(Illuminate\\Http\\Request))
#34 /home/sarmad/Work/FreelanceWork/PhpProjects/AudioBot/html/vendor/laravel/framework/src/Illuminate/Foundation/Http/Kernel.php(176): Illuminate\\Routing\\Router->dispatch(Object(Illuminate\\Http\\Request))
#35 /home/sarmad/Work/FreelanceWork/PhpProjects/AudioBot/html/vendor/laravel/framework/src/Illuminate/Routing/Pipeline.php(30): Illuminate\\Foundation\\Http\\Kernel->Illuminate\\Foundation\\Http\\{closure}(Object(Illuminate\\Http\\Request))
#36 /home/sarmad/Work/FreelanceWork/PhpProjects/AudioBot/html/vendor/barryvdh/laravel-debugbar/src/Middleware/InjectDebugbar.php(65): Illuminate\\Routing\\Pipeline->Illuminate\\Routing\\{closure}(Object(Illuminate\\Http\\Request))
#37 /home/sarmad/Work/FreelanceWork/PhpProjects/AudioBot/html/vendor/laravel/framework/src/Illuminate/Pipeline/Pipeline.php(163): Barryvdh\\Debugbar\\Middleware\\InjectDebugbar->handle(Object(Illuminate\\Http\\Request), Object(Closure))
#38 /home/sarmad/Work/FreelanceWork/PhpProjects/AudioBot/html/vendor/laravel/framework/src/Illuminate/Routing/Pipeline.php(53): Illuminate\\Pipeline\\Pipeline->Illuminate\\Pipeline\\{closure}(Object(Illuminate\\Http\\Request))
#39 /home/sarmad/Work/FreelanceWork/PhpProjects/AudioBot/html/vendor/fideloper/proxy/src/TrustProxies.php(57): Illuminate\\Routing\\Pipeline->Illuminate\\Routing\\{closure}(Object(Illuminate\\Http\\Request))
#40 /home/sarmad/Work/FreelanceWork/PhpProjects/AudioBot/html/vendor/laravel/framework/src/Illuminate/Pipeline/Pipeline.php(163): Fideloper\\Proxy\\TrustProxies->handle(Object(Illuminate\\Http\\Request), Object(Closure))
#41 /home/sarmad/Work/FreelanceWork/PhpProjects/AudioBot/html/vendor/laravel/framework/src/Illuminate/Routing/Pipeline.php(53): Illuminate\\Pipeline\\Pipeline->Illuminate\\Pipeline\\{closure}(Object(Illuminate\\Http\\Request))
#42 /home/sarmad/Work/FreelanceWork/PhpProjects/AudioBot/html/vendor/laravel/framework/src/Illuminate/Foundation/Http/Middleware/TransformsRequest.php(21): Illuminate\\Routing\\Pipeline->Illuminate\\Routing\\{closure}(Object(Illuminate\\Http\\Request))
#43 /home/sarmad/Work/FreelanceWork/PhpProjects/AudioBot/html/vendor/laravel/framework/src/Illuminate/Pipeline/Pipeline.php(163): Illuminate\\Foundation\\Http\\Middleware\\TransformsRequest->handle(Object(Illuminate\\Http\\Request), Object(Closure))
#44 /home/sarmad/Work/FreelanceWork/PhpProjects/AudioBot/html/vendor/laravel/framework/src/Illuminate/Routing/Pipeline.php(53): Illuminate\\Pipeline\\Pipeline->Illuminate\\Pipeline\\{closure}(Object(Illuminate\\Http\\Request))
#45 /home/sarmad/Work/FreelanceWork/PhpProjects/AudioBot/html/vendor/laravel/framework/src/Illuminate/Foundation/Http/Middleware/TransformsRequest.php(21): Illuminate\\Routing\\Pipeline->Illuminate\\Routing\\{closure}(Object(Illuminate\\Http\\Request))
#46 /home/sarmad/Work/FreelanceWork/PhpProjects/AudioBot/html/vendor/laravel/framework/src/Illuminate/Pipeline/Pipeline.php(163): Illuminate\\Foundation\\Http\\Middleware\\TransformsRequest->handle(Object(Illuminate\\Http\\Request), Object(Closure))
#47 /home/sarmad/Work/FreelanceWork/PhpProjects/AudioBot/html/vendor/laravel/framework/src/Illuminate/Routing/Pipeline.php(53): Illuminate\\Pipeline\\Pipeline->Illuminate\\Pipeline\\{closure}(Object(Illuminate\\Http\\Request))
#48 /home/sarmad/Work/FreelanceWork/PhpProjects/AudioBot/html/vendor/laravel/framework/src/Illuminate/Foundation/Http/Middleware/ValidatePostSize.php(27): Illuminate\\Routing\\Pipeline->Illuminate\\Routing\\{closure}(Object(Illuminate\\Http\\Request))
#49 /home/sarmad/Work/FreelanceWork/PhpProjects/AudioBot/html/vendor/laravel/framework/src/Illuminate/Pipeline/Pipeline.php(163): Illuminate\\Foundation\\Http\\Middleware\\ValidatePostSize->handle(Object(Illuminate\\Http\\Request), Object(Closure))
#50 /home/sarmad/Work/FreelanceWork/PhpProjects/AudioBot/html/vendor/laravel/framework/src/Illuminate/Routing/Pipeline.php(53): Illuminate\\Pipeline\\Pipeline->Illuminate\\Pipeline\\{closure}(Object(Illuminate\\Http\\Request))
#51 /home/sarmad/Work/FreelanceWork/PhpProjects/AudioBot/html/vendor/laravel/framework/src/Illuminate/Foundation/Http/Middleware/CheckForMaintenanceMode.php(62): Illuminate\\Routing\\Pipeline->Illuminate\\Routing\\{closure}(Object(Illuminate\\Http\\Request))
#52 /home/sarmad/Work/FreelanceWork/PhpProjects/AudioBot/html/vendor/laravel/framework/src/Illuminate/Pipeline/Pipeline.php(163): Illuminate\\Foundation\\Http\\Middleware\\CheckForMaintenanceMode->handle(Object(Illuminate\\Http\\Request), Object(Closure))
#53 /home/sarmad/Work/FreelanceWork/PhpProjects/AudioBot/html/vendor/laravel/framework/src/Illuminate/Routing/Pipeline.php(53): Illuminate\\Pipeline\\Pipeline->Illuminate\\Pipeline\\{closure}(Object(Illuminate\\Http\\Request))
#54 /home/sarmad/Work/FreelanceWork/PhpProjects/AudioBot/html/vendor/laravel/framework/src/Illuminate/Pipeline/Pipeline.php(104): Illuminate\\Routing\\Pipeline->Illuminate\\Routing\\{closure}(Object(Illuminate\\Http\\Request))
#55 /home/sarmad/Work/FreelanceWork/PhpProjects/AudioBot/html/vendor/laravel/framework/src/Illuminate/Foundation/Http/Kernel.php(151): Illuminate\\Pipeline\\Pipeline->then(Object(Closure))
#56 /home/sarmad/Work/FreelanceWork/PhpProjects/AudioBot/html/vendor/laravel/framework/src/Illuminate/Foundation/Http/Kernel.php(116): Illuminate\\Foundation\\Http\\Kernel->sendRequestThroughRouter(Object(Illuminate\\Http\\Request))
#57 /home/sarmad/Work/FreelanceWork/PhpProjects/AudioBot/html/public/index.php(56): Illuminate\\Foundation\\Http\\Kernel->handle(Object(Illuminate\\Http\\Request))
#58 {main}
"} 
[2020-03-11 16:44:19] local.ERROR: Argument 1 passed to Illuminate\Auth\SessionGuard::login() must implement interface Illuminate\Contracts\Auth\Authenticatable, instance of Illuminate\Http\RedirectResponse given, called in /home/sarmad/Work/FreelanceWork/PhpProjects/AudioBot/html/vendor/laravel/framework/src/Illuminate/Foundation/Auth/RegistersUsers.php on line 35 {"exception":"[object] (Symfony\\Component\\Debug\\Exception\\FatalThrowableError(code: 0): Argument 1 passed to Illuminate\\Auth\\SessionGuard::login() must implement interface Illuminate\\Contracts\\Auth\\Authenticatable, instance of Illuminate\\Http\\RedirectResponse given, called in /home/sarmad/Work/FreelanceWork/PhpProjects/AudioBot/html/vendor/laravel/framework/src/Illuminate/Foundation/Auth/RegistersUsers.php on line 35 at /home/sarmad/Work/FreelanceWork/PhpProjects/AudioBot/html/vendor/laravel/framework/src/Illuminate/Auth/SessionGuard.php:405)
[stacktrace]
#0 /home/sarmad/Work/FreelanceWork/PhpProjects/AudioBot/html/vendor/laravel/framework/src/Illuminate/Foundation/Auth/RegistersUsers.php(35): Illuminate\\Auth\\SessionGuard->login(Object(Illuminate\\Http\\RedirectResponse))
#1 [internal function]: App\\Http\\Controllers\\Auth\\RegisterController->register(Object(Illuminate\\Http\\Request))
#2 /home/sarmad/Work/FreelanceWork/PhpProjects/AudioBot/html/vendor/laravel/framework/src/Illuminate/Routing/Controller.php(54): call_user_func_array(Array, Array)
#3 /home/sarmad/Work/FreelanceWork/PhpProjects/AudioBot/html/vendor/laravel/framework/src/Illuminate/Routing/ControllerDispatcher.php(45): Illuminate\\Routing\\Controller->callAction('register', Array)
#4 /home/sarmad/Work/FreelanceWork/PhpProjects/AudioBot/html/vendor/laravel/framework/src/Illuminate/Routing/Route.php(219): Illuminate\\Routing\\ControllerDispatcher->dispatch(Object(Illuminate\\Routing\\Route), Object(App\\Http\\Controllers\\Auth\\RegisterController), 'register')
#5 /home/sarmad/Work/FreelanceWork/PhpProjects/AudioBot/html/vendor/laravel/framework/src/Illuminate/Routing/Route.php(176): Illuminate\\Routing\\Route->runController()
#6 /home/sarmad/Work/FreelanceWork/PhpProjects/AudioBot/html/vendor/laravel/framework/src/Illuminate/Routing/Router.php(680): Illuminate\\Routing\\Route->run()
#7 /home/sarmad/Work/FreelanceWork/PhpProjects/AudioBot/html/vendor/laravel/framework/src/Illuminate/Routing/Pipeline.php(30): Illuminate\\Routing\\Router->Illuminate\\Routing\\{closure}(Object(Illuminate\\Http\\Request))
#8 /home/sarmad/Work/FreelanceWork/PhpProjects/AudioBot/html/app/Http/Middleware/RedirectIfAuthenticated.php(24): Illuminate\\Routing\\Pipeline->Illuminate\\Routing\\{closure}(Object(Illuminate\\Http\\Request))
#9 /home/sarmad/Work/FreelanceWork/PhpProjects/AudioBot/html/vendor/laravel/framework/src/Illuminate/Pipeline/Pipeline.php(163): App\\Http\\Middleware\\RedirectIfAuthenticated->handle(Object(Illuminate\\Http\\Request), Object(Closure))
#10 /home/sarmad/Work/FreelanceWork/PhpProjects/AudioBot/html/vendor/laravel/framework/src/Illuminate/Routing/Pipeline.php(53): Illuminate\\Pipeline\\Pipeline->Illuminate\\Pipeline\\{closure}(Object(Illuminate\\Http\\Request))
#11 /home/sarmad/Work/FreelanceWork/PhpProjects/AudioBot/html/vendor/laravel/framework/src/Illuminate/Routing/Middleware/SubstituteBindings.php(41): Illuminate\\Routing\\Pipeline->Illuminate\\Routing\\{closure}(Object(Illuminate\\Http\\Request))
#12 /home/sarmad/Work/FreelanceWork/PhpProjects/AudioBot/html/vendor/laravel/framework/src/Illuminate/Pipeline/Pipeline.php(163): Illuminate\\Routing\\Middleware\\SubstituteBindings->handle(Object(Illuminate\\Http\\Request), Object(Closure))
#13 /home/sarmad/Work/FreelanceWork/PhpProjects/AudioBot/html/vendor/laravel/framework/src/Illuminate/Routing/Pipeline.php(53): Illuminate\\Pipeline\\Pipeline->Illuminate\\Pipeline\\{closure}(Object(Illuminate\\Http\\Request))
#14 /home/sarmad/Work/FreelanceWork/PhpProjects/AudioBot/html/vendor/laravel/framework/src/Illuminate/Foundation/Http/Middleware/VerifyCsrfToken.php(75): Illuminate\\Routing\\Pipeline->Illuminate\\Routing\\{closure}(Object(Illuminate\\Http\\Request))
#15 /home/sarmad/Work/FreelanceWork/PhpProjects/AudioBot/html/vendor/laravel/framework/src/Illuminate/Pipeline/Pipeline.php(163): Illuminate\\Foundation\\Http\\Middleware\\VerifyCsrfToken->handle(Object(Illuminate\\Http\\Request), Object(Closure))
#16 /home/sarmad/Work/FreelanceWork/PhpProjects/AudioBot/html/vendor/laravel/framework/src/Illuminate/Routing/Pipeline.php(53): Illuminate\\Pipeline\\Pipeline->Illuminate\\Pipeline\\{closure}(Object(Illuminate\\Http\\Request))
#17 /home/sarmad/Work/FreelanceWork/PhpProjects/AudioBot/html/vendor/laravel/framework/src/Illuminate/View/Middleware/ShareErrorsFromSession.php(49): Illuminate\\Routing\\Pipeline->Illuminate\\Routing\\{closure}(Object(Illuminate\\Http\\Request))
#18 /home/sarmad/Work/FreelanceWork/PhpProjects/AudioBot/html/vendor/laravel/framework/src/Illuminate/Pipeline/Pipeline.php(163): Illuminate\\View\\Middleware\\ShareErrorsFromSession->handle(Object(Illuminate\\Http\\Request), Object(Closure))
#19 /home/sarmad/Work/FreelanceWork/PhpProjects/AudioBot/html/vendor/laravel/framework/src/Illuminate/Routing/Pipeline.php(53): Illuminate\\Pipeline\\Pipeline->Illuminate\\Pipeline\\{closure}(Object(Illuminate\\Http\\Request))
#20 /home/sarmad/Work/FreelanceWork/PhpProjects/AudioBot/html/vendor/laravel/framework/src/Illuminate/Session/Middleware/StartSession.php(56): Illuminate\\Routing\\Pipeline->Illuminate\\Routing\\{closure}(Object(Illuminate\\Http\\Request))
#21 /home/sarmad/Work/FreelanceWork/PhpProjects/AudioBot/html/vendor/laravel/framework/src/Illuminate/Pipeline/Pipeline.php(163): Illuminate\\Session\\Middleware\\StartSession->handle(Object(Illuminate\\Http\\Request), Object(Closure))
#22 /home/sarmad/Work/FreelanceWork/PhpProjects/AudioBot/html/vendor/laravel/framework/src/Illuminate/Routing/Pipeline.php(53): Illuminate\\Pipeline\\Pipeline->Illuminate\\Pipeline\\{closure}(Object(Illuminate\\Http\\Request))
#23 /home/sarmad/Work/FreelanceWork/PhpProjects/AudioBot/html/vendor/laravel/framework/src/Illuminate/Cookie/Middleware/AddQueuedCookiesToResponse.php(37): Illuminate\\Routing\\Pipeline->Illuminate\\Routing\\{closure}(Object(Illuminate\\Http\\Request))
#24 /home/sarmad/Work/FreelanceWork/PhpProjects/AudioBot/html/vendor/laravel/framework/src/Illuminate/Pipeline/Pipeline.php(163): Illuminate\\Cookie\\Middleware\\AddQueuedCookiesToResponse->handle(Object(Illuminate\\Http\\Request), Object(Closure))
#25 /home/sarmad/Work/FreelanceWork/PhpProjects/AudioBot/html/vendor/laravel/framework/src/Illuminate/Routing/Pipeline.php(53): Illuminate\\Pipeline\\Pipeline->Illuminate\\Pipeline\\{closure}(Object(Illuminate\\Http\\Request))
#26 /home/sarmad/Work/FreelanceWork/PhpProjects/AudioBot/html/vendor/laravel/framework/src/Illuminate/Cookie/Middleware/EncryptCookies.php(66): Illuminate\\Routing\\Pipeline->Illuminate\\Routing\\{closure}(Object(Illuminate\\Http\\Request))
#27 /home/sarmad/Work/FreelanceWork/PhpProjects/AudioBot/html/vendor/laravel/framework/src/Illuminate/Pipeline/Pipeline.php(163): Illuminate\\Cookie\\Middleware\\EncryptCookies->handle(Object(Illuminate\\Http\\Request), Object(Closure))
#28 /home/sarmad/Work/FreelanceWork/PhpProjects/AudioBot/html/vendor/laravel/framework/src/Illuminate/Routing/Pipeline.php(53): Illuminate\\Pipeline\\Pipeline->Illuminate\\Pipeline\\{closure}(Object(Illuminate\\Http\\Request))
#29 /home/sarmad/Work/FreelanceWork/PhpProjects/AudioBot/html/vendor/laravel/framework/src/Illuminate/Pipeline/Pipeline.php(104): Illuminate\\Routing\\Pipeline->Illuminate\\Routing\\{closure}(Object(Illuminate\\Http\\Request))
#30 /home/sarmad/Work/FreelanceWork/PhpProjects/AudioBot/html/vendor/laravel/framework/src/Illuminate/Routing/Router.php(682): Illuminate\\Pipeline\\Pipeline->then(Object(Closure))
#31 /home/sarmad/Work/FreelanceWork/PhpProjects/AudioBot/html/vendor/laravel/framework/src/Illuminate/Routing/Router.php(657): Illuminate\\Routing\\Router->runRouteWithinStack(Object(Illuminate\\Routing\\Route), Object(Illuminate\\Http\\Request))
#32 /home/sarmad/Work/FreelanceWork/PhpProjects/AudioBot/html/vendor/laravel/framework/src/Illuminate/Routing/Router.php(623): Illuminate\\Routing\\Router->runRoute(Object(Illuminate\\Http\\Request), Object(Illuminate\\Routing\\Route))
#33 /home/sarmad/Work/FreelanceWork/PhpProjects/AudioBot/html/vendor/laravel/framework/src/Illuminate/Routing/Router.php(612): Illuminate\\Routing\\Router->dispatchToRoute(Object(Illuminate\\Http\\Request))
#34 /home/sarmad/Work/FreelanceWork/PhpProjects/AudioBot/html/vendor/laravel/framework/src/Illuminate/Foundation/Http/Kernel.php(176): Illuminate\\Routing\\Router->dispatch(Object(Illuminate\\Http\\Request))
#35 /home/sarmad/Work/FreelanceWork/PhpProjects/AudioBot/html/vendor/laravel/framework/src/Illuminate/Routing/Pipeline.php(30): Illuminate\\Foundation\\Http\\Kernel->Illuminate\\Foundation\\Http\\{closure}(Object(Illuminate\\Http\\Request))
#36 /home/sarmad/Work/FreelanceWork/PhpProjects/AudioBot/html/vendor/barryvdh/laravel-debugbar/src/Middleware/InjectDebugbar.php(65): Illuminate\\Routing\\Pipeline->Illuminate\\Routing\\{closure}(Object(Illuminate\\Http\\Request))
#37 /home/sarmad/Work/FreelanceWork/PhpProjects/AudioBot/html/vendor/laravel/framework/src/Illuminate/Pipeline/Pipeline.php(163): Barryvdh\\Debugbar\\Middleware\\InjectDebugbar->handle(Object(Illuminate\\Http\\Request), Object(Closure))
#38 /home/sarmad/Work/FreelanceWork/PhpProjects/AudioBot/html/vendor/laravel/framework/src/Illuminate/Routing/Pipeline.php(53): Illuminate\\Pipeline\\Pipeline->Illuminate\\Pipeline\\{closure}(Object(Illuminate\\Http\\Request))
#39 /home/sarmad/Work/FreelanceWork/PhpProjects/AudioBot/html/vendor/fideloper/proxy/src/TrustProxies.php(57): Illuminate\\Routing\\Pipeline->Illuminate\\Routing\\{closure}(Object(Illuminate\\Http\\Request))
#40 /home/sarmad/Work/FreelanceWork/PhpProjects/AudioBot/html/vendor/laravel/framework/src/Illuminate/Pipeline/Pipeline.php(163): Fideloper\\Proxy\\TrustProxies->handle(Object(Illuminate\\Http\\Request), Object(Closure))
#41 /home/sarmad/Work/FreelanceWork/PhpProjects/AudioBot/html/vendor/laravel/framework/src/Illuminate/Routing/Pipeline.php(53): Illuminate\\Pipeline\\Pipeline->Illuminate\\Pipeline\\{closure}(Object(Illuminate\\Http\\Request))
#42 /home/sarmad/Work/FreelanceWork/PhpProjects/AudioBot/html/vendor/laravel/framework/src/Illuminate/Foundation/Http/Middleware/TransformsRequest.php(21): Illuminate\\Routing\\Pipeline->Illuminate\\Routing\\{closure}(Object(Illuminate\\Http\\Request))
#43 /home/sarmad/Work/FreelanceWork/PhpProjects/AudioBot/html/vendor/laravel/framework/src/Illuminate/Pipeline/Pipeline.php(163): Illuminate\\Foundation\\Http\\Middleware\\TransformsRequest->handle(Object(Illuminate\\Http\\Request), Object(Closure))
#44 /home/sarmad/Work/FreelanceWork/PhpProjects/AudioBot/html/vendor/laravel/framework/src/Illuminate/Routing/Pipeline.php(53): Illuminate\\Pipeline\\Pipeline->Illuminate\\Pipeline\\{closure}(Object(Illuminate\\Http\\Request))
#45 /home/sarmad/Work/FreelanceWork/PhpProjects/AudioBot/html/vendor/laravel/framework/src/Illuminate/Foundation/Http/Middleware/TransformsRequest.php(21): Illuminate\\Routing\\Pipeline->Illuminate\\Routing\\{closure}(Object(Illuminate\\Http\\Request))
#46 /home/sarmad/Work/FreelanceWork/PhpProjects/AudioBot/html/vendor/laravel/framework/src/Illuminate/Pipeline/Pipeline.php(163): Illuminate\\Foundation\\Http\\Middleware\\TransformsRequest->handle(Object(Illuminate\\Http\\Request), Object(Closure))
#47 /home/sarmad/Work/FreelanceWork/PhpProjects/AudioBot/html/vendor/laravel/framework/src/Illuminate/Routing/Pipeline.php(53): Illuminate\\Pipeline\\Pipeline->Illuminate\\Pipeline\\{closure}(Object(Illuminate\\Http\\Request))
#48 /home/sarmad/Work/FreelanceWork/PhpProjects/AudioBot/html/vendor/laravel/framework/src/Illuminate/Foundation/Http/Middleware/ValidatePostSize.php(27): Illuminate\\Routing\\Pipeline->Illuminate\\Routing\\{closure}(Object(Illuminate\\Http\\Request))
#49 /home/sarmad/Work/FreelanceWork/PhpProjects/AudioBot/html/vendor/laravel/framework/src/Illuminate/Pipeline/Pipeline.php(163): Illuminate\\Foundation\\Http\\Middleware\\ValidatePostSize->handle(Object(Illuminate\\Http\\Request), Object(Closure))
#50 /home/sarmad/Work/FreelanceWork/PhpProjects/AudioBot/html/vendor/laravel/framework/src/Illuminate/Routing/Pipeline.php(53): Illuminate\\Pipeline\\Pipeline->Illuminate\\Pipeline\\{closure}(Object(Illuminate\\Http\\Request))
#51 /home/sarmad/Work/FreelanceWork/PhpProjects/AudioBot/html/vendor/laravel/framework/src/Illuminate/Foundation/Http/Middleware/CheckForMaintenanceMode.php(62): Illuminate\\Routing\\Pipeline->Illuminate\\Routing\\{closure}(Object(Illuminate\\Http\\Request))
#52 /home/sarmad/Work/FreelanceWork/PhpProjects/AudioBot/html/vendor/laravel/framework/src/Illuminate/Pipeline/Pipeline.php(163): Illuminate\\Foundation\\Http\\Middleware\\CheckForMaintenanceMode->handle(Object(Illuminate\\Http\\Request), Object(Closure))
#53 /home/sarmad/Work/FreelanceWork/PhpProjects/AudioBot/html/vendor/laravel/framework/src/Illuminate/Routing/Pipeline.php(53): Illuminate\\Pipeline\\Pipeline->Illuminate\\Pipeline\\{closure}(Object(Illuminate\\Http\\Request))
#54 /home/sarmad/Work/FreelanceWork/PhpProjects/AudioBot/html/vendor/laravel/framework/src/Illuminate/Pipeline/Pipeline.php(104): Illuminate\\Routing\\Pipeline->Illuminate\\Routing\\{closure}(Object(Illuminate\\Http\\Request))
#55 /home/sarmad/Work/FreelanceWork/PhpProjects/AudioBot/html/vendor/laravel/framework/src/Illuminate/Foundation/Http/Kernel.php(151): Illuminate\\Pipeline\\Pipeline->then(Object(Closure))
#56 /home/sarmad/Work/FreelanceWork/PhpProjects/AudioBot/html/vendor/laravel/framework/src/Illuminate/Foundation/Http/Kernel.php(116): Illuminate\\Foundation\\Http\\Kernel->sendRequestThroughRouter(Object(Illuminate\\Http\\Request))
#57 /home/sarmad/Work/FreelanceWork/PhpProjects/AudioBot/html/public/index.php(56): Illuminate\\Foundation\\Http\\Kernel->handle(Object(Illuminate\\Http\\Request))
#58 {main}
"} 
